<?xml version="1.0" encoding="UTF-8"?>
<!-- Generated by org.testng.reporters.JUnitXMLReporter -->
<testsuite hostname="DESKTOP-BOFIN8C" ignored="0" name="RunCC" tests="7" failures="0" timestamp="2023-05-17T01:11:44 ICT" time="41.151" errors="0">
  <testcase name="TC_003LoginWithWrongFormatEmail" time="10.403" classname="Vluong_Day11.LoginUser"/>
  <testcase name="TC_004LoginWithEmtyEmail" time="3.904" classname="Vluong_Day11.LoginUser"/>
  <testcase name="TC_005LoginWithEmtyPass" time="2.907" classname="Vluong_Day11.LoginUser"/>
  <testcase name="TC_006LoginWithWrongEmail" time="3.354" classname="Vluong_Day11.LoginUser"/>
  <testcase name="TC_007LoginWithWrongPass" time="3.451" classname="Vluong_Day11.LoginUser"/>
  <testcase name="TC_008LoginSuccessfuly" time="4.43" classname="Vluong_Day11.LoginUser"/>
  <testcase name="TC_009UserCanLogout" time="10.081" classname="Vluong_Day11.LoginUser"/>
</testsuite> <!-- RunCC -->
