<?xml version="1.0" encoding="UTF-8"?>
<!-- Generated by org.testng.reporters.JUnitXMLReporter -->
<testsuite hostname="DESKTOP-BOFIN8C" ignored="2" name="RunCC" tests="8" failures="0" timestamp="2023-06-07T18:12:09 ICT" time="85.063" errors="0">
  <testcase name="TC_003LoginWithWrongFormatEmail" time="5.187" classname="Vluong_Day11.LoginUser"/>
  <testcase name="TC_004LoginWithEmtyEmail" time="4.444" classname="Vluong_Day11.LoginUser"/>
  <testcase name="TC_005LoginWithEmtyPass" time="5.922" classname="Vluong_Day11.LoginUser"/>
  <testcase name="TC_006LoginWithWrongEmail" time="7.046" classname="Vluong_Day11.LoginUser"/>
  <testcase name="TC_007LoginWithWrongPass" time="4.824" classname="Vluong_Day11.LoginUser"/>
  <testcase name="TC_008LoginSuccessfuly" time="6.642" classname="Vluong_Day11.LoginUser"/>
  <testcase name="TC_009UserCanLogout" time="9.51" classname="Vluong_Day11.LoginUser"/>
  <testcase name="TC_010InforItemWomen" time="14.41" classname="Vluong_Day11.Information_Product"/>
  <testcase name="@AfterTest AfterRun" time="0.0" classname="Vluong_Day11.CommonService">
    <ignored/>
  </testcase> <!-- @AfterTest AfterRun -->
  <testcase name="@BeforeTest Rundriver" time="0.0" classname="Vluong_Day11.CommonService">
    <ignored/>
  </testcase> <!-- @BeforeTest Rundriver -->
</testsuite> <!-- RunCC -->
