<?xml version="1.0" encoding="UTF-8"?>
<testng-results skipped="0" failed="0" ignored="0" total="1" passed="1">
  <reporter-output>
  </reporter-output>
  <suite name="Suite1" duration-ms="19169" started-at="2023-06-14T19:04:05 ICT" finished-at="2023-06-14T19:04:24 ICT">
    <groups>
    </groups>
    <test name="RunCC" duration-ms="19169" started-at="2023-06-14T19:04:05 ICT" finished-at="2023-06-14T19:04:24 ICT">
      <class name="Vluong_Day11.RegisterUser">
        <test-method status="PASS" signature="Rundriver(java.lang.String)[pri:0, instance:Vluong_Day11.RegisterUser@4fb64261]" name="Rundriver" is-config="true" duration-ms="4177" started-at="2023-06-14T19:04:05 ICT" finished-at="2023-06-14T19:04:09 ICT">
          <params>
            <param index="0">
              <value>
                <![CDATA[Chrome]]>
              </value>
            </param>
          </params>
          <reporter-output>
          </reporter-output>
        </test-method> <!-- Rundriver -->
        <test-method status="PASS" signature="initdata()[pri:0, instance:Vluong_Day11.RegisterUser@4fb64261]" name="initdata" is-config="true" duration-ms="1" started-at="2023-06-14T19:04:09 ICT" finished-at="2023-06-14T19:04:09 ICT">
          <reporter-output>
          </reporter-output>
        </test-method> <!-- initdata -->
        <test-method status="PASS" signature="TC_001RegisterNewUser()[pri:0, instance:Vluong_Day11.RegisterUser@4fb64261]" name="TC_001RegisterNewUser" duration-ms="11276" started-at="2023-06-14T19:04:09 ICT" finished-at="2023-06-14T19:04:21 ICT">
          <reporter-output>
          </reporter-output>
        </test-method> <!-- TC_001RegisterNewUser -->
        <test-method status="PASS" signature="saveAttachment()[pri:0, instance:Vluong_Day11.RegisterUser@4fb64261]" name="saveAttachment" is-config="true" duration-ms="2953" started-at="2023-06-14T19:04:21 ICT" finished-at="2023-06-14T19:04:24 ICT">
          <reporter-output>
          </reporter-output>
        </test-method> <!-- saveAttachment -->
        <test-method status="PASS" signature="AfterRun()[pri:0, instance:Vluong_Day11.RegisterUser@4fb64261]" name="AfterRun" is-config="true" duration-ms="740" started-at="2023-06-14T19:04:24 ICT" finished-at="2023-06-14T19:04:24 ICT">
          <reporter-output>
          </reporter-output>
        </test-method> <!-- AfterRun -->
      </class> <!-- Vluong_Day11.RegisterUser -->
    </test> <!-- RunCC -->
  </suite> <!-- Suite1 -->
</testng-results>
